INFO:GUI.py:__init__:   GUI created
DEBUG:GUI.py:open_dialog_box:   Number of images selected:2
DEBUG:GUI.py:open_dialog_box:   FileName:Colorfull image.jpg
DEBUG:GUI.py:open_dialog_box:   FileName:Landscape.jpg
INFO:Image.py:__init__:   File Size: 885KB
INFO:GUI.py:SelectFiles:   
Path of image 1 added and initialized
INFO:Image.py:__init__:   File Size: 1559KB
INFO:GUI.py:SelectFiles:   
Path of image 2 added and initialized
DEBUG:GUI.py:SimilarSize:   Image1 dimensions 1280x720, Image2 dimensions 1280x720
INFO:GUI.py:SelectFiles:   Images selected successfully
INFO:Image.py:SetFourierLists:   FourierList created successfully
INFO:Image.py:SetFourierLists:   FourierList created successfully
INFO:GUI.py:SelectFiles:   Displayer 0 Generated Successfully
INFO:GUI.py:SelectFiles:   Displayer 1 Generated Successfully
INFO:GUI.py:SelectFiles:   Displayer 4 Generated Successfully
INFO:GUI.py:SelectFiles:   Displayer 2 Generated Successfully
INFO:GUI.py:SelectFiles:   Displayer 3 Generated Successfully
INFO:GUI.py:SelectFiles:   Displayer 5 Generated Successfully
INFO:GUI.py:ImageIndexChanged:   Signal emited: comboBox of image 1 changed to:Real component
INFO:GUI.py:ComponentChanged:   Signal emited: component 1 image 1 [fourier component: Magnitude, slider value: 77]
INFO:GUI.py:ComponentChanged:   Signal emited: component 2 image 1 [fourier component: Phase, slider value: 0]
INFO:GUI.py:ComponentChanged:   Signal emited: component 1 image 1 [fourier component: Imaginary, slider value: 77]
INFO:GUI.py:ComponentChanged:   Signal emited: component 2 image 1 [fourier component: Phase, slider value: 0]
DEBUG:GUI.py:DisplayError:   MIXER ERROR

INFO:GUI.py:ComponentChanged:   Signal emited: component 1 image 1 [fourier component: Imaginary, slider value: 77]
INFO:GUI.py:ComponentChanged:   Signal emited: component 2 image 1 [fourier component: Imaginary, slider value: 0]
DEBUG:GUI.py:DisplayError:   MIXER ERROR

INFO:GUI.py:ComponentChanged:   Signal emited: component 1 image 1 [fourier component: Imaginary, slider value: 77]
INFO:GUI.py:ComponentChanged:   Signal emited: component 2 image 1 [fourier component: Real, slider value: 0]
INFO:GUI.py:ComponentChanged:   Signal emited: component 1 image 1 [fourier component: Imaginary, slider value: 77]
INFO:GUI.py:ComponentChanged:   Signal emited: component 2 image 1 [fourier component: Real, slider value: 55]
INFO:GUI.py:ComponentChanged:   Signal emited: component 1 image 1 [fourier component: Imaginary, slider value: 77]
INFO:GUI.py:ComponentChanged:   Signal emited: component 2 image 1 [fourier component: Real, slider value: 57]
INFO:GUI.py:ComponentChanged:   Signal emited: component 1 image 1 [fourier component: Imaginary, slider value: 77]
INFO:GUI.py:ComponentChanged:   Signal emited: component 2 image 1 [fourier component: Real, slider value: 0]
INFO:GUI.py:ComponentChanged:   Signal emited: component 1 image 1 [fourier component: Imaginary, slider value: 99]
INFO:GUI.py:ComponentChanged:   Signal emited: component 2 image 1 [fourier component: Real, slider value: 0]
